#
# There is insufficient memory for the Java Runtime Environment to continue.
# Native memory allocation (malloc) failed to allocate 847456 bytes for Chunk::new
# Possible reasons:
#   The system is out of physical RAM or swap space
#   The process is running with CompressedOops enabled, and the Java Heap may be blocking the growth of the native heap
# Possible solutions:
#   Reduce memory load on the system
#   Increase physical memory or swap space
#   Check if swap backing store is full
#   Decrease Java heap size (-Xmx/-Xms)
#   Decrease number of Java threads
#   Decrease Java thread stack sizes (-Xss)
#   Set larger code cache with -XX:ReservedCodeCacheSize=
#   JVM is running with Unscaled Compressed Oops mode in which the Java heap is
#     placed in the first 4GB address space. The Java Heap base address is the
#     maximum limit for the native heap growth. Please use -XX:HeapBaseMinAddress
#     to set the Java Heap base and to place the Java Heap above 4GB virtual address.
# This output file may be truncated or incomplete.
#
#  Out of Memory Error (allocation.cpp:389), pid=6904, tid=0x0000000000000548
#
# JRE version: OpenJDK Runtime Environment (8.0_212-b04) (build 1.8.0_212-release-1586-b04)
# Java VM: OpenJDK 64-Bit Server VM (25.212-b04 mixed mode windows-amd64 compressed oops)
# Failed to write core dump. Minidumps are not enabled by default on client versions of Windows
#

---------------  T H R E A D  ---------------

Current thread (0x0000000017f8a000):  JavaThread "C2 CompilerThread1" daemon [_thread_in_native, id=1352, stack(0x0000000018630000,0x0000000018730000)]

Stack: [0x0000000018630000,0x0000000018730000]
[error occurred during error reporting (printing stack bounds), id 0xc0000005]

Native frames: (J=compiled Java code, j=interpreted, Vv=VM code, C=native code)


Current CompileTask:
C2:  39213 15925   !   4       java.lang.Class::getEnumConstantsShared (73 bytes)


---------------  P R O C E S S  ---------------

Java Threads: ( => current thread )
  0x000000001c9e5800 JavaThread "Cache worker for Java compile cache (C:\Users\neolg\Documents\GitHub\MobileProject\MobileTermProject\.gradle\5.6.4\javaCompile)" [_thread_blocked, id=10032, stack(0x000000002f470000,0x000000002f570000)]
  0x000000001c9e3800 JavaThread "Cache worker for Java compile cache (C:\Users\neolg\.gradle\caches\5.6.4\javaCompile)" [_thread_blocked, id=7300, stack(0x000000002f370000,0x000000002f470000)]
  0x000000001c9e2800 JavaThread "WorkerExecutor Queue Thread 6" [_thread_blocked, id=1568, stack(0x0000000026320000,0x0000000026420000)]
  0x000000001abe1800 JavaThread "WorkerExecutor Queue Thread 5" [_thread_blocked, id=8824, stack(0x0000000025520000,0x0000000025620000)]
  0x000000001abe2000 JavaThread "WorkerExecutor Queue Thread 4" [_thread_blocked, id=6844, stack(0x0000000025620000,0x0000000025720000)]
  0x000000001abdd800 JavaThread "stdout" [_thread_in_native, id=5468, stack(0x0000000025320000,0x0000000025420000)]
  0x000000001abd6000 JavaThread "stderr" [_thread_in_native, id=5996, stack(0x0000000025220000,0x0000000025320000)]
  0x000000001abdc800 JavaThread "stdout" [_thread_in_native, id=4744, stack(0x0000000025120000,0x0000000025220000)]
  0x000000001abd7800 JavaThread "stderr" [_thread_in_native, id=4020, stack(0x0000000025020000,0x0000000025120000)]
  0x000000001abdb000 JavaThread "stdout" [_thread_in_native, id=3628, stack(0x0000000024f20000,0x0000000025020000)]
  0x000000001abda800 JavaThread "stderr" [_thread_in_native, id=7576, stack(0x0000000024e20000,0x0000000024f20000)]
  0x000000001abd9000 JavaThread "stdout" [_thread_in_native, id=2160, stack(0x0000000024d20000,0x0000000024e20000)]
  0x000000001abd5000 JavaThread "stderr" [_thread_in_native, id=8888, stack(0x0000000024b20000,0x0000000024c20000)]
  0x000000001abd4800 JavaThread "pool-18-thread-1" [_thread_blocked, id=2600, stack(0x0000000024c20000,0x0000000024d20000)]
  0x000000001abd8000 JavaThread "WorkerExecutor Queue" [_thread_blocked, id=1124, stack(0x0000000024350000,0x0000000024450000)]
  0x000000001ca82000 JavaThread "Cache worker for execution history cache (C:\Users\neolg\Documents\GitHub\MobileProject\MobileTermProject\.gradle\5.6.4\executionHistory)" [_thread_blocked, id=5776, stack(0x0000000024050000,0x0000000024150000)]
  0x000000001ca83000 JavaThread "Execution worker for ':' Thread 3" [_thread_blocked, id=7976, stack(0x0000000023d50000,0x0000000023e50000)]
  0x000000001ca7f800 JavaThread "Execution worker for ':' Thread 2" [_thread_in_native, id=9764, stack(0x0000000023c50000,0x0000000023d50000)]
  0x000000001ca83800 JavaThread "Execution worker for ':'" [_thread_blocked, id=5488, stack(0x0000000023370000,0x0000000023470000)]
  0x000000001ca76800 JavaThread "Cache worker for file content cache (C:\Users\neolg\Documents\GitHub\MobileProject\MobileTermProject\.gradle\5.6.4\fileContent)" [_thread_blocked, id=5628, stack(0x0000000023270000,0x0000000023370000)]
  0x000000001ca7d800 JavaThread "Cache worker for file content cache (C:\Users\neolg\.gradle\caches\5.6.4\fileContent)" [_thread_blocked, id=6200, stack(0x0000000020a40000,0x0000000020b40000)]
  0x000000001ca7c800 JavaThread "Memory manager" [_thread_blocked, id=7960, stack(0x0000000023520000,0x0000000023620000)]
  0x000000001ca7b000 JavaThread "Cache worker for Build Output Cleanup Cache (C:\Users\neolg\Documents\GitHub\MobileProject\MobileTermProject\.gradle\buildOutputCleanup)" [_thread_blocked, id=3872, stack(0x00000000207f0000,0x00000000208f0000)]
  0x000000001ca7a800 JavaThread "Build operations Thread 4" [_thread_blocked, id=8540, stack(0x00000000211a0000,0x00000000212a0000)]
  0x000000001ca78000 JavaThread "Build operations Thread 3" [_thread_blocked, id=2996, stack(0x00000000210a0000,0x00000000211a0000)]
  0x000000001ca79800 JavaThread "Build operations Thread 2" [_thread_blocked, id=1784, stack(0x0000000020d00000,0x0000000020e00000)]
  0x000000001ca77800 JavaThread "Build operations" [_thread_blocked, id=8420, stack(0x0000000020c00000,0x0000000020d00000)]
  0x000000001ca7c000 JavaThread "Cache worker for execution history cache (C:\Users\neolg\.gradle\caches\5.6.4\executionHistory)" [_thread_blocked, id=9908, stack(0x0000000020940000,0x0000000020a40000)]
  0x000000001a064000 JavaThread "Cache worker for cache directory md-rule (C:\Users\neolg\.gradle\caches\5.6.4\md-rule)" [_thread_blocked, id=6516, stack(0x00000000206f0000,0x00000000207f0000)]
  0x000000001a063800 JavaThread "Cache worker for cache directory md-supplier (C:\Users\neolg\.gradle\caches\5.6.4\md-supplier)" [_thread_blocked, id=6976, stack(0x000000001efd0000,0x000000001f0d0000)]
  0x000000001a066800 JavaThread "Cache worker for file hash cache (C:\Users\neolg\Documents\GitHub\MobileProject\MobileTermProject\.gradle\5.6.4\fileHashes)" [_thread_blocked, id=3376, stack(0x000000001ecd0000,0x000000001edd0000)]
  0x000000001a065000 JavaThread "Cache worker for journal cache (C:\Users\neolg\.gradle\caches\journal-1)" [_thread_blocked, id=5824, stack(0x000000001c4d0000,0x000000001c5d0000)]
  0x000000001a062000 JavaThread "File lock request listener" [_thread_in_native, id=9204, stack(0x000000001c3d0000,0x000000001c4d0000)]
  0x000000001a065800 JavaThread "Cache worker for file hash cache (C:\Users\neolg\.gradle\caches\5.6.4\fileHashes)" [_thread_blocked, id=3416, stack(0x000000001c2d0000,0x000000001c3d0000)]
  0x000000001a56a800 JavaThread "Thread-9" [_thread_blocked, id=124, stack(0x000000001bfd0000,0x000000001c0d0000)]
  0x000000001a507000 JavaThread "Stdin handler" [_thread_blocked, id=2100, stack(0x000000001bed0000,0x000000001bfd0000)]
  0x000000001a504800 JavaThread "Asynchronous log dispatcher for DefaultDaemonConnection: socket connection from /127.0.0.1:51957 to /127.0.0.1:51958" [_thread_blocked, id=9972, stack(0x000000001bdd0000,0x000000001bed0000)]
  0x000000001a524800 JavaThread "Daemon worker" [_thread_blocked, id=6096, stack(0x000000001bcd0000,0x000000001bdd0000)]
  0x000000001a52d800 JavaThread "Cancel handler" [_thread_blocked, id=9732, stack(0x000000001bbd0000,0x000000001bcd0000)]
  0x000000001a4cc000 JavaThread "Handler for socket connection from /127.0.0.1:51957 to /127.0.0.1:51958" [_thread_in_native, id=5620, stack(0x000000001b8d0000,0x000000001b9d0000)]
  0x000000001a4c4800 JavaThread "Daemon" [_thread_blocked, id=6940, stack(0x000000001b7d0000,0x000000001b8d0000)]
  0x0000000018d19800 JavaThread "Daemon periodic checks" [_thread_blocked, id=9920, stack(0x000000001b6d0000,0x000000001b7d0000)]
  0x0000000018022000 JavaThread "Incoming local TCP Connector on port 51957" [_thread_in_native, id=8320, stack(0x000000001b4f0000,0x000000001b5f0000)]
  0x00000000182ed000 JavaThread "Daemon health stats" [_thread_blocked, id=2372, stack(0x000000001b1d0000,0x000000001b2d0000)]
  0x0000000017f92000 JavaThread "Service Thread" daemon [_thread_blocked, id=7652, stack(0x0000000018830000,0x0000000018930000)]
  0x0000000017f8d000 JavaThread "C1 CompilerThread2" daemon [_thread_blocked, id=7092, stack(0x0000000018730000,0x0000000018830000)]
=>0x0000000017f8a000 JavaThread "C2 CompilerThread1" daemon [_thread_in_native, id=1352, stack(0x0000000018630000,0x0000000018730000)]
  0x0000000016a3b800 JavaThread "C2 CompilerThread0" daemon [_thread_in_native, id=1680, stack(0x0000000018530000,0x0000000018630000)]
  0x0000000016a39800 JavaThread "Attach Listener" daemon [_thread_blocked, id=5916, stack(0x0000000018430000,0x0000000018530000)]
  0x0000000017f40800 JavaThread "Signal Dispatcher" daemon [_thread_blocked, id=7824, stack(0x0000000018330000,0x0000000018430000)]
  0x00000000030bb000 JavaThread "Finalizer" daemon [_thread_blocked, id=6860, stack(0x0000000017c90000,0x0000000017d90000)]
  0x0000000016a19000 JavaThread "Reference Handler" daemon [_thread_blocked, id=7516, stack(0x0000000017b90000,0x0000000017c90000)]
  0x0000000002ebe000 JavaThread "main" [_thread_blocked, id=7880, stack(0x0000000002ec0000,0x0000000002fc0000)]

Other Threads:
  0x00000000169f7000 VMThread [stack: 0x0000000017a90000,0x0000000017b90000] [id=5496]
  0x0000000017f93800 WatcherThread [stack: 0x0000000018930000,0x0000000018a30000] [id=9868]

VM state:not at safepoint (normal execution)

VM Mutex/Monitor currently owned by a thread: None

heap address: 0x00000000a0000000, size: 1536 MB, Compressed Oops mode: 32-bit
Narrow klass base: 0x0000000000000000, Narrow klass shift: 3
Compressed class space size: 1073741824 Address: 0x0000000100000000

Heap:
 PSYoungGen      total 420864K, used 306959K [0x00000000e0000000, 0x00000000ff780000, 0x0000000100000000)
  eden space 391168K, 73% used [0x00000000e0000000,0x00000000f17daa38,0x00000000f7e00000)
  from space 29696K, 68% used [0x00000000f7e00000,0x00000000f91e91e8,0x00000000f9b00000)
  to   space 30720K, 0% used [0x00000000fd980000,0x00000000fd980000,0x00000000ff780000)
 ParOldGen       total 139264K, used 73226K [0x00000000a0000000, 0x00000000a8800000, 0x00000000e0000000)
  object space 139264K, 52% used [0x00000000a0000000,0x00000000a4782890,0x00000000a8800000)
 Metaspace       used 86547K, capacity 90010K, committed 90368K, reserved 1128448K
  class space    used 11467K, capacity 12165K, committed 12288K, reserved 1048576K

Card table byte_map: [0x0000000012480000,0x0000000012790000] byte_map_base: 0x0000000011f80000

Marking Bits: (ParMarkBitMap*) 0x0000000070aa9f30
 Begin Bits: [0x0000000012d90000, 0x0000000014590000)
 End Bits:   [0x0000000014590000, 0x0000000015d90000)

Polling page: 0x0000000002e60000

CodeCache: size=245760Kb used=46338Kb max_used=46338Kb free=199421Kb
 bounds [0x00000000030c0000, 0x0000000005e40000, 0x00000000120c0000]
 total_blobs=14206 nmethods=13310 adapters=806
 compilation: enabled

Compilation events (10 events):
Event: 39.084 Thread 0x0000000017f8d000 15954       1       com.sun.tools.javac.parser.JavacParser$EmptyEndPosTable::replaceTree (2 bytes)
Event: 39.084 Thread 0x0000000017f8d000 nmethod 15954 0x0000000005e26250 code [0x0000000005e263a0, 0x0000000005e264b0]
Event: 39.084 Thread 0x0000000017f8d000 15956       3       com.sun.tools.javac.comp.Lower$FreeVarCollector::visitSymbol (142 bytes)
Event: 39.084 Thread 0x0000000017f8d000 nmethod 15956 0x0000000005e2fe50 code [0x0000000005e30040, 0x0000000005e308c8]
Event: 39.084 Thread 0x0000000017f8d000 15955       1       com.sun.tools.javac.jvm.Target::syntheticNameChar (3 bytes)
Event: 39.084 Thread 0x0000000017f8d000 nmethod 15955 0x0000000005e297d0 code [0x0000000005e29920, 0x0000000005e29a30]
Event: 39.084 Thread 0x0000000017f8d000 15957       3       com.sun.tools.javac.comp.Lower$BasicFreeVarCollector::visitIdent (9 bytes)
Event: 39.085 Thread 0x0000000017f8d000 nmethod 15957 0x0000000005e29350 code [0x0000000005e294c0, 0x0000000005e296e8]
Event: 39.085 Thread 0x0000000017f8d000 15958       1       com.sun.tools.javac.comp.Lower::access$800 (5 bytes)
Event: 39.085 Thread 0x0000000017f8d000 nmethod 15958 0x0000000005e29090 code [0x0000000005e291e0, 0x0000000005e292d0]

GC Heap History (10 events):
Event: 13.686 GC heap before
{Heap before GC invocations=16 (full 3):
 PSYoungGen      total 251392K, used 251138K [0x00000000e0000000, 0x00000000f1500000, 0x0000000100000000)
  eden space 236544K, 100% used [0x00000000e0000000,0x00000000ee700000,0x00000000ee700000)
  from space 14848K, 98% used [0x00000000f0680000,0x00000000f14c0960,0x00000000f1500000)
  to   space 23552K, 0% used [0x00000000ee700000,0x00000000ee700000,0x00000000efe00000)
 ParOldGen       total 139264K, used 33199K [0x00000000a0000000, 0x00000000a8800000, 0x00000000e0000000)
  object space 139264K, 23% used [0x00000000a0000000,0x00000000a206bfd8,0x00000000a8800000)
 Metaspace       used 59943K, capacity 62226K, committed 62464K, reserved 1103872K
  class space    used 8212K, capacity 8689K, committed 8704K, reserved 1048576K
Event: 13.719 GC heap after
Heap after GC invocations=16 (full 3):
 PSYoungGen      total 260096K, used 6215K [0x00000000e0000000, 0x00000000f6500000, 0x0000000100000000)
  eden space 236544K, 0% used [0x00000000e0000000,0x00000000e0000000,0x00000000ee700000)
  from space 23552K, 26% used [0x00000000ee700000,0x00000000eed11e68,0x00000000efe00000)
  to   space 23040K, 0% used [0x00000000f4e80000,0x00000000f4e80000,0x00000000f6500000)
 ParOldGen       total 139264K, used 41441K [0x00000000a0000000, 0x00000000a8800000, 0x00000000e0000000)
  object space 139264K, 29% used [0x00000000a0000000,0x00000000a2878510,0x00000000a8800000)
 Metaspace       used 59943K, capacity 62226K, committed 62464K, reserved 1103872K
  class space    used 8212K, capacity 8689K, committed 8704K, reserved 1048576K
}
Event: 15.564 GC heap before
{Heap before GC invocations=17 (full 3):
 PSYoungGen      total 260096K, used 242759K [0x00000000e0000000, 0x00000000f6500000, 0x0000000100000000)
  eden space 236544K, 100% used [0x00000000e0000000,0x00000000ee700000,0x00000000ee700000)
  from space 23552K, 26% used [0x00000000ee700000,0x00000000eed11e68,0x00000000efe00000)
  to   space 23040K, 0% used [0x00000000f4e80000,0x00000000f4e80000,0x00000000f6500000)
 ParOldGen       total 139264K, used 41441K [0x00000000a0000000, 0x00000000a8800000, 0x00000000e0000000)
  object space 139264K, 29% used [0x00000000a0000000,0x00000000a2878510,0x00000000a8800000)
 Metaspace       used 61107K, capacity 63394K, committed 63616K, reserved 1103872K
  class space    used 8276K, capacity 8769K, committed 8832K, reserved 1048576K
Event: 15.576 GC heap after
Heap after GC invocations=17 (full 3):
 PSYoungGen      total 325120K, used 5386K [0x00000000e0000000, 0x00000000f5c80000, 0x0000000100000000)
  eden space 310784K, 0% used [0x00000000e0000000,0x00000000e0000000,0x00000000f2f80000)
  from space 14336K, 37% used [0x00000000f4e80000,0x00000000f53c2a50,0x00000000f5c80000)
  to   space 23040K, 0% used [0x00000000f2f80000,0x00000000f2f80000,0x00000000f4600000)
 ParOldGen       total 139264K, used 45910K [0x00000000a0000000, 0x00000000a8800000, 0x00000000e0000000)
  object space 139264K, 32% used [0x00000000a0000000,0x00000000a2cd5b70,0x00000000a8800000)
 Metaspace       used 61107K, capacity 63394K, committed 63616K, reserved 1103872K
  class space    used 8276K, capacity 8769K, committed 8832K, reserved 1048576K
}
Event: 22.038 GC heap before
{Heap before GC invocations=18 (full 3):
 PSYoungGen      total 325120K, used 316170K [0x00000000e0000000, 0x00000000f5c80000, 0x0000000100000000)
  eden space 310784K, 100% used [0x00000000e0000000,0x00000000f2f80000,0x00000000f2f80000)
  from space 14336K, 37% used [0x00000000f4e80000,0x00000000f53c2a50,0x00000000f5c80000)
  to   space 23040K, 0% used [0x00000000f2f80000,0x00000000f2f80000,0x00000000f4600000)
 ParOldGen       total 139264K, used 45910K [0x00000000a0000000, 0x00000000a8800000, 0x00000000e0000000)
  object space 139264K, 32% used [0x00000000a0000000,0x00000000a2cd5b70,0x00000000a8800000)
 Metaspace       used 67949K, capacity 70352K, committed 70528K, reserved 1110016K
  class space    used 9058K, capacity 9592K, committed 9600K, reserved 1048576K
Event: 22.090 GC heap after
Heap after GC invocations=18 (full 3):
 PSYoungGen      total 333824K, used 23019K [0x00000000e0000000, 0x00000000fbd00000, 0x0000000100000000)
  eden space 310784K, 0% used [0x00000000e0000000,0x00000000e0000000,0x00000000f2f80000)
  from space 23040K, 99% used [0x00000000f2f80000,0x00000000f45fac38,0x00000000f4600000)
  to   space 28672K, 0% used [0x00000000fa100000,0x00000000fa100000,0x00000000fbd00000)
 ParOldGen       total 139264K, used 52311K [0x00000000a0000000, 0x00000000a8800000, 0x00000000e0000000)
  object space 139264K, 37% used [0x00000000a0000000,0x00000000a3315d50,0x00000000a8800000)
 Metaspace       used 67949K, capacity 70352K, committed 70528K, reserved 1110016K
  class space    used 9058K, capacity 9592K, committed 9600K, reserved 1048576K
}
Event: 27.264 GC heap before
{Heap before GC invocations=19 (full 3):
 PSYoungGen      total 333824K, used 333803K [0x00000000e0000000, 0x00000000fbd00000, 0x0000000100000000)
  eden space 310784K, 100% used [0x00000000e0000000,0x00000000f2f80000,0x00000000f2f80000)
  from space 23040K, 99% used [0x00000000f2f80000,0x00000000f45fac38,0x00000000f4600000)
  to   space 28672K, 0% used [0x00000000fa100000,0x00000000fa100000,0x00000000fbd00000)
 ParOldGen       total 139264K, used 52311K [0x00000000a0000000, 0x00000000a8800000, 0x00000000e0000000)
  object space 139264K, 37% used [0x00000000a0000000,0x00000000a3315d50,0x00000000a8800000)
 Metaspace       used 77814K, capacity 81096K, committed 81280K, reserved 1120256K
  class space    used 10428K, capacity 11084K, committed 11136K, reserved 1048576K
Event: 27.335 GC heap after
Heap after GC invocations=19 (full 3):
 PSYoungGen      total 414720K, used 19331K [0x00000000e0000000, 0x00000000fb800000, 0x0000000100000000)
  eden space 391168K, 0% used [0x00000000e0000000,0x00000000e0000000,0x00000000f7e00000)
  from space 23552K, 82% used [0x00000000fa100000,0x00000000fb3e0c28,0x00000000fb800000)
  to   space 29696K, 0% used [0x00000000f7e00000,0x00000000f7e00000,0x00000000f9b00000)
 ParOldGen       total 139264K, used 73218K [0x00000000a0000000, 0x00000000a8800000, 0x00000000e0000000)
  object space 139264K, 52% used [0x00000000a0000000,0x00000000a4780890,0x00000000a8800000)
 Metaspace       used 77814K, capacity 81096K, committed 81280K, reserved 1120256K
  class space    used 10428K, capacity 11084K, committed 11136K, reserved 1048576K
}
Event: 34.877 GC heap before
{Heap before GC invocations=20 (full 3):
 PSYoungGen      total 414720K, used 410499K [0x00000000e0000000, 0x00000000fb800000, 0x0000000100000000)
  eden space 391168K, 100% used [0x00000000e0000000,0x00000000f7e00000,0x00000000f7e00000)
  from space 23552K, 82% used [0x00000000fa100000,0x00000000fb3e0c28,0x00000000fb800000)
  to   space 29696K, 0% used [0x00000000f7e00000,0x00000000f7e00000,0x00000000f9b00000)
 ParOldGen       total 139264K, used 73218K [0x00000000a0000000, 0x00000000a8800000, 0x00000000e0000000)
  object space 139264K, 52% used [0x00000000a0000000,0x00000000a4780890,0x00000000a8800000)
 Metaspace       used 81202K, capacity 84626K, committed 84864K, reserved 1122304K
  class space    used 10843K, capacity 11523K, committed 11648K, reserved 1048576K
Event: 34.994 GC heap after
Heap after GC invocations=20 (full 3):
 PSYoungGen      total 420864K, used 20388K [0x00000000e0000000, 0x00000000ff780000, 0x0000000100000000)
  eden space 391168K, 0% used [0x00000000e0000000,0x00000000e0000000,0x00000000f7e00000)
  from space 29696K, 68% used [0x00000000f7e00000,0x00000000f91e91e8,0x00000000f9b00000)
  to   space 30720K, 0% used [0x00000000fd980000,0x00000000fd980000,0x00000000ff780000)
 ParOldGen       total 139264K, used 73226K [0x00000000a0000000, 0x00000000a8800000, 0x00000000e0000000)
  object space 139264K, 52% used [0x00000000a0000000,0x00000000a4782890,0x00000000a8800000)
 Metaspace       used 81202K, capacity 84626K, committed 84864K, reserved 1122304K
  class space    used 10843K, capacity 11523K, committed 11648K, reserved 1048576K
}

Deoptimization events (10 events):
Event: 38.266 Thread 0x000000001ca7f800 Uncommon trap: reason=class_check action=maybe_recompile pc=0x0000000004f91eb0 method=java.util.HashSet.remove(Ljava/lang/Object;)Z @ 5
Event: 38.267 Thread 0x000000001ca7f800 Uncommon trap: reason=bimorphic action=maybe_recompile pc=0x0000000005baf1dc method=com.sun.tools.javac.code.Types$UnaryVisitor.visit(Lcom/sun/tools/javac/code/Type;)Ljava/lang/Object; @ 3
Event: 38.267 Thread 0x000000001ca7f800 Uncommon trap: reason=class_check action=maybe_recompile pc=0x0000000005bbf4c0 method=com.sun.tools.javac.code.Types$18.visitClassType(Lcom/sun/tools/javac/code/Type$ClassType;Ljava/lang/Void;)Lcom/sun/tools/javac/code/Type; @ 19
Event: 38.288 Thread 0x000000001ca7f800 Uncommon trap: reason=bimorphic action=maybe_recompile pc=0x0000000005baf1dc method=com.sun.tools.javac.code.Types$UnaryVisitor.visit(Lcom/sun/tools/javac/code/Type;)Ljava/lang/Object; @ 3
Event: 38.322 Thread 0x000000001ca7f800 Uncommon trap: reason=bimorphic action=maybe_recompile pc=0x0000000005baf1dc method=com.sun.tools.javac.code.Types$UnaryVisitor.visit(Lcom/sun/tools/javac/code/Type;)Ljava/lang/Object; @ 3
Event: 38.349 Thread 0x000000001ca7f800 Uncommon trap: reason=bimorphic action=maybe_recompile pc=0x0000000005baf1dc method=com.sun.tools.javac.code.Types$UnaryVisitor.visit(Lcom/sun/tools/javac/code/Type;)Ljava/lang/Object; @ 3
Event: 38.429 Thread 0x000000001ca7f800 Uncommon trap: reason=unstable_if action=reinterpret pc=0x0000000005b5b54c method=com.sun.tools.javac.util.Convert.chars2utf([CI[BII)I @ 35
Event: 38.436 Thread 0x000000001ca7f800 Uncommon trap: reason=unstable_if action=reinterpret pc=0x0000000005a11d1c method=com.sun.tools.javac.util.Convert.chars2utf([CI[BII)I @ 35
Event: 38.917 Thread 0x000000001ca7f800 Uncommon trap: reason=unstable_if action=reinterpret pc=0x0000000005afca14 method=com.sun.tools.javac.jvm.ClassReader.sigToType()Lcom/sun/tools/javac/code/Type; @ 288
Event: 39.042 Thread 0x000000001ca7f800 Uncommon trap: reason=unstable_if action=reinterpret pc=0x00000000052d8158 method=com.sun.tools.javac.util.ListBuffer.append(Ljava/lang/Object;)Lcom/sun/tools/javac/util/ListBuffer; @ 9

Classes redefined (0 events):
No events

Internal exceptions (10 events):
Event: 28.049 Thread 0x000000001ca7f800 Exception <a 'java/lang/NoSuchMethodError': <clinit>> (0x00000000e41a85a8) thrown at [D:\src\AOSP-openjdk-cygwin\jdk8u\hotspot\src\share\vm\prims\jni.cpp, line 1614]
Event: 28.049 Thread 0x000000001ca7f800 Exception <a 'java/lang/NoSuchMethodError': <clinit>> (0x00000000e41c6048) thrown at [D:\src\AOSP-openjdk-cygwin\jdk8u\hotspot\src\share\vm\prims\jni.cpp, line 1614]
Event: 28.050 Thread 0x000000001ca7f800 Exception <a 'java/lang/NoSuchMethodError': <clinit>> (0x00000000e41e8e50) thrown at [D:\src\AOSP-openjdk-cygwin\jdk8u\hotspot\src\share\vm\prims\jni.cpp, line 1614]
Event: 28.053 Thread 0x000000001ca7f800 Exception <a 'java/lang/NoSuchMethodError': <clinit>> (0x00000000e4241e68) thrown at [D:\src\AOSP-openjdk-cygwin\jdk8u\hotspot\src\share\vm\prims\jni.cpp, line 1614]
Event: 28.059 Thread 0x000000001ca7f800 Exception <a 'java/lang/NoSuchMethodError': <clinit>> (0x00000000e42839c0) thrown at [D:\src\AOSP-openjdk-cygwin\jdk8u\hotspot\src\share\vm\prims\jni.cpp, line 1614]
Event: 28.171 Thread 0x000000001abd8000 Exception <a 'java/lang/NoSuchMethodError': java.lang.Object.lambda$negate$1(Ljava/lang/Object;)Z> (0x00000000e4b22c10) thrown at [D:\src\AOSP-openjdk-cygwin\jdk8u\hotspot\src\share\vm\interpreter\linkResolver.cpp, line 620]
Event: 28.581 Thread 0x000000001abe2000 Implicit null exception at 0x00000000053b71f0 to 0x00000000053b7200
Event: 31.583 Thread 0x000000001abd8000 Exception <a 'sun/nio/fs/WindowsException'> (0x00000000ebb25d98) thrown at [D:\src\AOSP-openjdk-cygwin\jdk8u\hotspot\src\share\vm\prims\jni.cpp, line 710]
Event: 31.586 Thread 0x000000001abd8000 Exception <a 'sun/nio/fs/WindowsException'> (0x00000000ebb3e938) thrown at [D:\src\AOSP-openjdk-cygwin\jdk8u\hotspot\src\share\vm\prims\jni.cpp, line 710]
Event: 31.587 Thread 0x000000001abd8000 Exception <a 'sun/nio/fs/WindowsException'> (0x00000000ebb3ede0) thrown at [D:\src\AOSP-openjdk-cygwin\jdk8u\hotspot\src\share\vm\prims\jni.cpp, line 710]

Events (10 events):
Event: 38.905 loading class com/sun/tools/javac/comp/Check$2
Event: 38.905 loading class com/sun/tools/javac/comp/Check$2 done
Event: 38.917 Thread 0x000000001ca7f800 Uncommon trap: trap_request=0xffffff65 fr.pc=0x0000000005afca14
Event: 38.917 Thread 0x000000001ca7f800 DEOPT PACKING pc=0x0000000005afca14 sp=0x0000000023d48ae0
Event: 38.917 Thread 0x000000001ca7f800 DEOPT UNPACKING pc=0x000000000310557b sp=0x0000000023d48a88 mode 2
Event: 39.042 Thread 0x000000001ca7f800 Uncommon trap: trap_request=0xffffff65 fr.pc=0x00000000052d8158
Event: 39.042 Thread 0x000000001ca7f800 DEOPT PACKING pc=0x00000000052d8158 sp=0x0000000023d4a110
Event: 39.042 Thread 0x000000001ca7f800 DEOPT UNPACKING pc=0x000000000310557b sp=0x0000000023d4a0b0 mode 2
Event: 39.078 Executing VM operation: ForceSafepoint
Event: 39.079 Executing VM operation: ForceSafepoint done


Dynamic libraries:
0x00007ff761eb0000 - 0x00007ff761ee1000 	C:\Program Files\Android\Android Studio\jre\bin\java.exe
0x00007ffe6bd20000 - 0x00007ffe6bf10000 	C:\Windows\SYSTEM32\ntdll.dll
0x00007ffe6ba20000 - 0x00007ffe6bad2000 	C:\Windows\System32\KERNEL32.DLL
0x00007ffe68dc0000 - 0x00007ffe69063000 	C:\Windows\System32\KERNELBASE.dll
0x00007ffe6b790000 - 0x00007ffe6b833000 	C:\Windows\System32\ADVAPI32.dll
0x00007ffe6b980000 - 0x00007ffe6ba1e000 	C:\Windows\System32\msvcrt.dll
0x00007ffe6aaf0000 - 0x00007ffe6ab87000 	C:\Windows\System32\sechost.dll
0x00007ffe6bbc0000 - 0x00007ffe6bce0000 	C:\Windows\System32\RPCRT4.dll
0x00007ffe6acf0000 - 0x00007ffe6ae84000 	C:\Windows\System32\USER32.dll
0x00007ffe68d10000 - 0x00007ffe68d31000 	C:\Windows\System32\win32u.dll
0x00007ffe6b400000 - 0x00007ffe6b426000 	C:\Windows\System32\GDI32.dll
0x00007ffe69a10000 - 0x00007ffe69ba4000 	C:\Windows\System32\gdi32full.dll
0x00007ffe69c00000 - 0x00007ffe69c9e000 	C:\Windows\System32\msvcp_win.dll
0x00007ffe69cd0000 - 0x00007ffe69dca000 	C:\Windows\System32\ucrtbase.dll
0x00007ffe59510000 - 0x00007ffe59795000 	C:\Windows\WinSxS\amd64_microsoft.windows.common-controls_6595b64144ccf1df_6.0.18362.778_none_e6c6b761130d4fb8\COMCTL32.dll
0x00007ffe6b060000 - 0x00007ffe6b396000 	C:\Windows\System32\combase.dll
0x00007ffe68d40000 - 0x00007ffe68dc0000 	C:\Windows\System32\bcryptPrimitives.dll
0x00007ffe6aa40000 - 0x00007ffe6aa6e000 	C:\Windows\System32\IMM32.DLL
0x0000000070120000 - 0x00000000701f2000 	C:\Program Files\Android\Android Studio\jre\jre\bin\msvcr100.dll
0x00000000702e0000 - 0x0000000070b26000 	C:\Program Files\Android\Android Studio\jre\jre\bin\server\jvm.dll
0x00007ffe6bbb0000 - 0x00007ffe6bbb8000 	C:\Windows\System32\PSAPI.DLL
0x00007ffe65990000 - 0x00007ffe65999000 	C:\Windows\SYSTEM32\WSOCK32.dll
0x00007ffe6ae90000 - 0x00007ffe6aeff000 	C:\Windows\System32\WS2_32.dll
0x00007ffe655e0000 - 0x00007ffe65604000 	C:\Windows\SYSTEM32\WINMM.dll
0x00007ffe620e0000 - 0x00007ffe620ea000 	C:\Windows\SYSTEM32\VERSION.dll
0x00007ffe655b0000 - 0x00007ffe655dd000 	C:\Windows\SYSTEM32\WINMMBASE.dll
0x00007ffe69bb0000 - 0x00007ffe69bfa000 	C:\Windows\System32\cfgmgr32.dll
0x00007ffe644c0000 - 0x00007ffe644cf000 	C:\Program Files\Android\Android Studio\jre\jre\bin\verify.dll
0x00007ffe62720000 - 0x00007ffe62749000 	C:\Program Files\Android\Android Studio\jre\jre\bin\java.dll
0x00007ffe62890000 - 0x00007ffe628a6000 	C:\Program Files\Android\Android Studio\jre\jre\bin\zip.dll
0x00007ffe69dd0000 - 0x00007ffe6a4b5000 	C:\Windows\System32\SHELL32.dll
0x00007ffe6b6e0000 - 0x00007ffe6b789000 	C:\Windows\System32\shcore.dll
0x00007ffe69290000 - 0x00007ffe69a10000 	C:\Windows\System32\windows.storage.dll
0x00007ffe68c30000 - 0x00007ffe68c53000 	C:\Windows\System32\profapi.dll
0x00007ffe68c60000 - 0x00007ffe68caa000 	C:\Windows\System32\powrprof.dll
0x00007ffe68be0000 - 0x00007ffe68bf0000 	C:\Windows\System32\UMPDC.dll
0x00007ffe6a930000 - 0x00007ffe6a982000 	C:\Windows\System32\shlwapi.dll
0x00007ffe68c10000 - 0x00007ffe68c21000 	C:\Windows\System32\kernel.appcore.dll
0x00007ffe69120000 - 0x00007ffe69137000 	C:\Windows\System32\cryptsp.dll
0x00007ffe5bf50000 - 0x00007ffe5bf6a000 	C:\Program Files\Android\Android Studio\jre\jre\bin\net.dll
0x00007ffe5b790000 - 0x00007ffe5b965000 	C:\Windows\SYSTEM32\urlmon.dll
0x00007ffe5b310000 - 0x00007ffe5b5b6000 	C:\Windows\SYSTEM32\iertutil.dll
0x00007ffe68620000 - 0x00007ffe6862c000 	C:\Windows\SYSTEM32\CRYPTBASE.DLL
0x00007ffe68450000 - 0x00007ffe684b7000 	C:\Windows\system32\mswsock.dll
0x00007ffe5b700000 - 0x00007ffe5b713000 	C:\Program Files\Android\Android Studio\jre\jre\bin\nio.dll
0x00007ffe52120000 - 0x00007ffe52146000 	C:\Users\neolg\.gradle\native\30\windows-amd64\native-platform.dll
0x00007ffe644b0000 - 0x00007ffe644bd000 	C:\Program Files\Android\Android Studio\jre\jre\bin\management.dll
0x00007ffe67fc0000 - 0x00007ffe67ff3000 	C:\Windows\system32\rsaenh.dll
0x00007ffe69ca0000 - 0x00007ffe69cc6000 	C:\Windows\System32\bcrypt.dll
0x00007ffe68b00000 - 0x00007ffe68b25000 	C:\Windows\SYSTEM32\USERENV.dll
0x00007ffe68160000 - 0x00007ffe6819a000 	C:\Windows\SYSTEM32\IPHLPAPI.DLL
0x00007ffe6af00000 - 0x00007ffe6af08000 	C:\Windows\System32\NSI.dll
0x00007ffe600a0000 - 0x00007ffe600b6000 	C:\Windows\SYSTEM32\dhcpcsvc6.DLL
0x00007ffe60cc0000 - 0x00007ffe60cdc000 	C:\Windows\SYSTEM32\dhcpcsvc.DLL
0x00007ffe681a0000 - 0x00007ffe6826a000 	C:\Windows\SYSTEM32\DNSAPI.dll
0x00007ffe67c40000 - 0x00007ffe67c71000 	C:\Windows\SYSTEM32\ntmarta.dll
0x00007ffe52210000 - 0x00007ffe52234000 	C:\Program Files\Android\Android Studio\jre\jre\bin\sunec.dll
0x00007ffe583f0000 - 0x00007ffe583fa000 	C:\Windows\System32\rasadhlp.dll
0x00007ffe5fc50000 - 0x00007ffe5fcc7000 	C:\Windows\System32\fwpuclnt.dll
0x00007ffe624d0000 - 0x00007ffe624db000 	C:\Program Files\Android\Android Studio\jre\jre\bin\sunmscapi.dll
0x00007ffe69140000 - 0x00007ffe69289000 	C:\Windows\System32\CRYPT32.dll
0x00007ffe68bf0000 - 0x00007ffe68c02000 	C:\Windows\System32\MSASN1.dll
0x00007ffe66d80000 - 0x00007ffe66e0f000 	C:\Windows\system32\apphelp.dll

VM Arguments:
jvm_args: -Xmx1536m -Dfile.encoding=x-windows-949 -Duser.country=KR -Duser.language=ko -Duser.variant 
java_command: org.gradle.launcher.daemon.bootstrap.GradleDaemon 5.6.4
java_class_path (initial): C:\Users\neolg\.gradle\wrapper\dists\gradle-5.6.4-all\ankdp27end7byghfw1q2sw75f\gradle-5.6.4\lib\gradle-launcher-5.6.4.jar
Launcher Type: SUN_STANDARD

Environment Variables:
PATH=C:\Program Files\NVIDIA GPU Computing Toolkit\CUDA\v10.2\bin;C:\Program Files\NVIDIA GPU Computing Toolkit\CUDA\v10.2\libnvvp;C:\Windows\system32;C:\Windows;C:\Windows\System32\Wbem;C:\Windows\System32\WindowsPowerShell\v1.0\;C:\Windows\System32\OpenSSH\;C:\Program Files (x86)\NVIDIA Corporation\PhysX\Common;C:\Program Files\NVIDIA Corporation\Nsight Compute 2019.5.0\;C:\Users\neolg\AppData\Local\Programs\Python\Python38-32;C:\Program Files\Git\cmd;C:\Users\neolg\AppData\Local\Microsoft\WindowsApps;C:\Program Files\Bandizip\;C:\Program Files\JetBrains\PyCharm Community Edition 2019.3.3\bin;C:\Users\neolg\AppData\Local\GitHubDesktop\bin
USERNAME=neolgu
OS=Windows_NT
PROCESSOR_IDENTIFIER=Intel64 Family 6 Model 94 Stepping 3, GenuineIntel



---------------  S Y S T E M  ---------------

OS: Windows 10.0 , 64 bit Build 18362 (10.0.18362.778)

CPU:total 4 (initial active 4) (4 cores per cpu, 1 threads per core) family 6 model 94 stepping 3, cmov, cx8, fxsr, mmx, sse, sse2, sse3, ssse3, sse4.1, sse4.2, popcnt, avx, avx2, aes, clmul, erms, rtm, 3dnowpref, lzcnt, tsc, tscinvbit, bmi1, bmi2, adx

Memory: 4k page, physical 8272036k(1023808k free), swap 8272036k(4140k free)

vm_info: OpenJDK 64-Bit Server VM (25.212-b04) for windows-amd64 JRE (1.8.0_212-release-1586-b04), built by "builder" with MS VC++ 10.0 (VS2010)

time: Mon May 18 15:30:07 2020
timezone: 대한민국 표준시
elapsed time: 39 seconds (0d 0h 0m 39s)

