#
# There is insufficient memory for the Java Runtime Environment to continue.
# Native memory allocation (malloc) failed to allocate 1065456 bytes for Chunk::new
# Possible reasons:
#   The system is out of physical RAM or swap space
#   The process is running with CompressedOops enabled, and the Java Heap may be blocking the growth of the native heap
# Possible solutions:
#   Reduce memory load on the system
#   Increase physical memory or swap space
#   Check if swap backing store is full
#   Decrease Java heap size (-Xmx/-Xms)
#   Decrease number of Java threads
#   Decrease Java thread stack sizes (-Xss)
#   Set larger code cache with -XX:ReservedCodeCacheSize=
#   JVM is running with Unscaled Compressed Oops mode in which the Java heap is
#     placed in the first 4GB address space. The Java Heap base address is the
#     maximum limit for the native heap growth. Please use -XX:HeapBaseMinAddress
#     to set the Java Heap base and to place the Java Heap above 4GB virtual address.
# This output file may be truncated or incomplete.
#
#  Out of Memory Error (allocation.cpp:389), pid=6720, tid=0x0000000000002064
#
# JRE version: OpenJDK Runtime Environment (8.0_212-b04) (build 1.8.0_212-release-1586-b04)
# Java VM: OpenJDK 64-Bit Server VM (25.212-b04 mixed mode windows-amd64 compressed oops)
# Failed to write core dump. Minidumps are not enabled by default on client versions of Windows
#

---------------  T H R E A D  ---------------

Current thread (0x0000000016b3c000):  JavaThread "C2 CompilerThread1" daemon [_thread_in_native, id=8292, stack(0x0000000018610000,0x0000000018710000)]

Stack: [0x0000000018610000,0x0000000018710000]
[error occurred during error reporting (printing stack bounds), id 0xc0000005]

Native frames: (J=compiled Java code, j=interpreted, Vv=VM code, C=native code)


Current CompileTask:
C2:  12305 3804       4       org.objectweb.asm.SymbolTable::addConstantMemberReference (147 bytes)


---------------  P R O C E S S  ---------------

Java Threads: ( => current thread )
  0x000000001cde9800 JavaThread "Cache worker for Build Output Cleanup Cache (C:\Users\neolg\Documents\GitHub\MobileProject\MobileTermProject\.gradle\buildOutputCleanup)" [_thread_blocked, id=5496, stack(0x0000000021580000,0x0000000021680000)]
  0x000000001cde9000 JavaThread "Build operations Thread 4" [_thread_blocked, id=2104, stack(0x0000000020e80000,0x0000000020f80000)]
  0x000000001cde7800 JavaThread "Build operations Thread 3" [_thread_blocked, id=7364, stack(0x0000000020d80000,0x0000000020e80000)]
  0x000000001cde1800 JavaThread "Build operations Thread 2" [_thread_blocked, id=6736, stack(0x0000000020c80000,0x0000000020d80000)]
  0x000000001cde8000 JavaThread "Build operations" [_thread_blocked, id=8744, stack(0x0000000020b80000,0x0000000020c80000)]
  0x000000001cde3000 JavaThread "Cache worker for execution history cache (C:\Users\neolg\.gradle\caches\5.6.4\executionHistory)" [_thread_blocked, id=7172, stack(0x0000000020880000,0x0000000020980000)]
  0x000000001cde2000 JavaThread "Cache worker for cache directory md-rule (C:\Users\neolg\.gradle\caches\5.6.4\md-rule)" [_thread_blocked, id=3596, stack(0x0000000020780000,0x0000000020880000)]
  0x0000000019e44800 JavaThread "Cache worker for cache directory md-supplier (C:\Users\neolg\.gradle\caches\5.6.4\md-supplier)" [_thread_blocked, id=2068, stack(0x0000000020060000,0x0000000020160000)]
  0x0000000019e47000 JavaThread "Cache worker for file hash cache (C:\Users\neolg\Documents\GitHub\MobileProject\MobileTermProject\.gradle\5.6.4\fileHashes)" [_thread_blocked, id=5004, stack(0x000000001e930000,0x000000001ea30000)]
  0x0000000019e45800 JavaThread "Cache worker for journal cache (C:\Users\neolg\.gradle\caches\journal-1)" [_thread_blocked, id=9304, stack(0x000000001d560000,0x000000001d660000)]
  0x0000000019e46000 JavaThread "File lock request listener" [_thread_in_native, id=9040, stack(0x000000001c490000,0x000000001c590000)]
  0x0000000019e47800 JavaThread "Cache worker for file hash cache (C:\Users\neolg\.gradle\caches\5.6.4\fileHashes)" [_thread_blocked, id=8468, stack(0x000000001c390000,0x000000001c490000)]
  0x000000001a422800 JavaThread "Thread-9" [_thread_blocked, id=9488, stack(0x000000001c090000,0x000000001c190000)]
  0x000000001a445800 JavaThread "Stdin handler" [_thread_blocked, id=8996, stack(0x000000001bf90000,0x000000001c090000)]
  0x000000001a43e800 JavaThread "Asynchronous log dispatcher for DefaultDaemonConnection: socket connection from /127.0.0.1:52006 to /127.0.0.1:52007" [_thread_blocked, id=8444, stack(0x000000001be90000,0x000000001bf90000)]
  0x000000001a48e800 JavaThread "Daemon worker" [_thread_in_Java, id=10100, stack(0x000000001bd90000,0x000000001be90000)]
  0x000000001a48d800 JavaThread "Cancel handler" [_thread_blocked, id=4304, stack(0x000000001bc90000,0x000000001bd90000)]
  0x000000001a400800 JavaThread "Handler for socket connection from /127.0.0.1:52006 to /127.0.0.1:52007" [_thread_in_native, id=10020, stack(0x000000001b990000,0x000000001ba90000)]
  0x000000001a3f4000 JavaThread "Daemon" [_thread_blocked, id=9404, stack(0x000000001b890000,0x000000001b990000)]
  0x0000000018b7a000 JavaThread "Daemon periodic checks" [_thread_blocked, id=7184, stack(0x000000001b790000,0x000000001b890000)]
  0x0000000018000000 JavaThread "Incoming local TCP Connector on port 52006" [_thread_in_native, id=9948, stack(0x000000001b5b0000,0x000000001b6b0000)]
  0x000000001830e000 JavaThread "Daemon health stats" [_thread_blocked, id=4804, stack(0x000000001b2b0000,0x000000001b3b0000)]
  0x0000000017f93800 JavaThread "Service Thread" daemon [_thread_blocked, id=9596, stack(0x0000000018810000,0x0000000018910000)]
  0x0000000016b44000 JavaThread "C1 CompilerThread2" daemon [_thread_blocked, id=6664, stack(0x0000000018710000,0x0000000018810000)]
=>0x0000000016b3c000 JavaThread "C2 CompilerThread1" daemon [_thread_in_native, id=8292, stack(0x0000000018610000,0x0000000018710000)]
  0x0000000016b8d800 JavaThread "C2 CompilerThread0" daemon [_thread_blocked, id=10148, stack(0x0000000018510000,0x0000000018610000)]
  0x0000000016b8b800 JavaThread "Attach Listener" daemon [_thread_blocked, id=7580, stack(0x0000000018410000,0x0000000018510000)]
  0x0000000017f20800 JavaThread "Signal Dispatcher" daemon [_thread_blocked, id=8132, stack(0x0000000018310000,0x0000000018410000)]
  0x00000000031bc000 JavaThread "Finalizer" daemon [_thread_blocked, id=7136, stack(0x0000000017d80000,0x0000000017e80000)]
  0x0000000016b19000 JavaThread "Reference Handler" daemon [_thread_blocked, id=8788, stack(0x0000000017c80000,0x0000000017d80000)]
  0x00000000013de000 JavaThread "main" [_thread_blocked, id=2616, stack(0x0000000002c30000,0x0000000002d30000)]

Other Threads:
  0x0000000016af7000 VMThread [stack: 0x0000000017b80000,0x0000000017c80000] [id=1596]
  0x0000000017f94000 WatcherThread [stack: 0x0000000018910000,0x0000000018a10000] [id=7756]

VM state:not at safepoint (normal execution)

VM Mutex/Monitor currently owned by a thread: None

heap address: 0x00000000a0000000, size: 1536 MB, Compressed Oops mode: 32-bit
Narrow klass base: 0x0000000000000000, Narrow klass shift: 3
Compressed class space size: 1073741824 Address: 0x0000000100000000

Heap:
 PSYoungGen      total 213504K, used 87993K [0x00000000e0000000, 0x00000000f0500000, 0x0000000100000000)
  eden space 199168K, 44% used [0x00000000e0000000,0x00000000e55ee460,0x00000000ec280000)
  from space 14336K, 0% used [0x00000000ed000000,0x00000000ed000000,0x00000000ede00000)
  to   space 13824K, 0% used [0x00000000ec280000,0x00000000ec280000,0x00000000ed000000)
 ParOldGen       total 74752K, used 15224K [0x00000000a0000000, 0x00000000a4900000, 0x00000000e0000000)
  object space 74752K, 20% used [0x00000000a0000000,0x00000000a0ede138,0x00000000a4900000)
 Metaspace       used 43473K, capacity 44584K, committed 44928K, reserved 1087488K
  class space    used 5870K, capacity 6154K, committed 6272K, reserved 1048576K

Card table byte_map: [0x0000000012580000,0x0000000012890000] byte_map_base: 0x0000000012080000

Marking Bits: (ParMarkBitMap*) 0x0000000070aa9f30
 Begin Bits: [0x0000000012e90000, 0x0000000014690000)
 End Bits:   [0x0000000014690000, 0x0000000015e90000)

Polling page: 0x0000000001440000

CodeCache: size=245760Kb used=12160Kb max_used=12160Kb free=233599Kb
 bounds [0x00000000031c0000, 0x0000000003db0000, 0x00000000121c0000]
 total_blobs=4334 nmethods=3584 adapters=662
 compilation: enabled

Compilation events (10 events):
Event: 12.282 Thread 0x0000000016b44000 3836       3       sun.misc.ProxyGenerator$ProxyMethod::access$1900 (6 bytes)
Event: 12.282 Thread 0x0000000016b44000 nmethod 3836 0x0000000003d9c4d0 code [0x0000000003d9c640, 0x0000000003d9c7a8]
Event: 12.282 Thread 0x0000000016b44000 3837       3       sun.misc.ProxyGenerator$ProxyMethod::codeFieldInitialization (241 bytes)
Event: 12.286 Thread 0x0000000016b44000 nmethod 3837 0x0000000003d9c890 code [0x0000000003d9d0a0, 0x0000000003da1f58]
Event: 12.287 Thread 0x0000000016b44000 3838       3       sun.misc.ProxyGenerator$FieldInfo::write (50 bytes)
Event: 12.288 Thread 0x0000000016b44000 nmethod 3838 0x0000000003da5c10 code [0x0000000003da5ea0, 0x0000000003da7038]
Event: 12.290 Thread 0x0000000016b44000 3839       1       sun.reflect.AccessorGenerator::sub (5 bytes)
Event: 12.290 Thread 0x0000000016b44000 nmethod 3839 0x0000000003da7810 code [0x0000000003da7960, 0x0000000003da7a50]
Event: 12.291 Thread 0x0000000016b44000 3840       3       org.objectweb.asm.Type::getType (10 bytes)
Event: 12.291 Thread 0x0000000016b44000 nmethod 3840 0x0000000003da7a90 code [0x0000000003da7c00, 0x0000000003da7e68]

GC Heap History (10 events):
Event: 7.123 GC heap before
{Heap before GC invocations=6 (full 1):
 PSYoungGen      total 71680K, used 5113K [0x00000000e0000000, 0x00000000e9b00000, 0x0000000100000000)
  eden space 66560K, 0% used [0x00000000e0000000,0x00000000e0000000,0x00000000e4100000)
  from space 5120K, 99% used [0x00000000e4100000,0x00000000e45fe650,0x00000000e4600000)
  to   space 12800K, 0% used [0x00000000e8e80000,0x00000000e8e80000,0x00000000e9b00000)
 ParOldGen       total 87552K, used 11355K [0x00000000a0000000, 0x00000000a5580000, 0x00000000e0000000)
  object space 87552K, 12% used [0x00000000a0000000,0x00000000a0b16e08,0x00000000a5580000)
 Metaspace       used 20677K, capacity 21214K, committed 21296K, reserved 1067008K
  class space    used 2973K, capacity 3165K, committed 3200K, reserved 1048576K
Event: 7.190 GC heap after
Heap after GC invocations=6 (full 1):
 PSYoungGen      total 71680K, used 0K [0x00000000e0000000, 0x00000000e9b00000, 0x0000000100000000)
  eden space 66560K, 0% used [0x00000000e0000000,0x00000000e0000000,0x00000000e4100000)
  from space 5120K, 0% used [0x00000000e4100000,0x00000000e4100000,0x00000000e4600000)
  to   space 12800K, 0% used [0x00000000e8e80000,0x00000000e8e80000,0x00000000e9b00000)
 ParOldGen       total 59904K, used 11888K [0x00000000a0000000, 0x00000000a3a80000, 0x00000000e0000000)
  object space 59904K, 19% used [0x00000000a0000000,0x00000000a0b9c338,0x00000000a3a80000)
 Metaspace       used 20677K, capacity 21214K, committed 21296K, reserved 1067008K
  class space    used 2973K, capacity 3165K, committed 3200K, reserved 1048576K
}
Event: 8.487 GC heap before
{Heap before GC invocations=7 (full 1):
 PSYoungGen      total 71680K, used 66560K [0x00000000e0000000, 0x00000000e9b00000, 0x0000000100000000)
  eden space 66560K, 100% used [0x00000000e0000000,0x00000000e4100000,0x00000000e4100000)
  from space 5120K, 0% used [0x00000000e4100000,0x00000000e4100000,0x00000000e4600000)
  to   space 12800K, 0% used [0x00000000e8e80000,0x00000000e8e80000,0x00000000e9b00000)
 ParOldGen       total 59904K, used 11888K [0x00000000a0000000, 0x00000000a3a80000, 0x00000000e0000000)
  object space 59904K, 19% used [0x00000000a0000000,0x00000000a0b9c338,0x00000000a3a80000)
 Metaspace       used 29247K, capacity 29850K, committed 30080K, reserved 1075200K
  class space    used 3947K, capacity 4137K, committed 4224K, reserved 1048576K
Event: 8.500 GC heap after
Heap after GC invocations=7 (full 1):
 PSYoungGen      total 124416K, used 8454K [0x00000000e0000000, 0x00000000e9700000, 0x0000000100000000)
  eden space 115712K, 0% used [0x00000000e0000000,0x00000000e0000000,0x00000000e7100000)
  from space 8704K, 97% used [0x00000000e8e80000,0x00000000e96c1860,0x00000000e9700000)
  to   space 12800K, 0% used [0x00000000e7e00000,0x00000000e7e00000,0x00000000e8a80000)
 ParOldGen       total 59904K, used 11896K [0x00000000a0000000, 0x00000000a3a80000, 0x00000000e0000000)
  object space 59904K, 19% used [0x00000000a0000000,0x00000000a0b9e338,0x00000000a3a80000)
 Metaspace       used 29247K, capacity 29850K, committed 30080K, reserved 1075200K
  class space    used 3947K, capacity 4137K, committed 4224K, reserved 1048576K
}
Event: 10.198 GC heap before
{Heap before GC invocations=8 (full 1):
 PSYoungGen      total 124416K, used 124166K [0x00000000e0000000, 0x00000000e9700000, 0x0000000100000000)
  eden space 115712K, 100% used [0x00000000e0000000,0x00000000e7100000,0x00000000e7100000)
  from space 8704K, 97% used [0x00000000e8e80000,0x00000000e96c1860,0x00000000e9700000)
  to   space 12800K, 0% used [0x00000000e7e00000,0x00000000e7e00000,0x00000000e8a80000)
 ParOldGen       total 59904K, used 11896K [0x00000000a0000000, 0x00000000a3a80000, 0x00000000e0000000)
  object space 59904K, 19% used [0x00000000a0000000,0x00000000a0b9e338,0x00000000a3a80000)
 Metaspace       used 34551K, capacity 35364K, committed 35456K, reserved 1079296K
  class space    used 4737K, capacity 4957K, committed 4992K, reserved 1048576K
Event: 10.223 GC heap after
Heap after GC invocations=8 (full 1):
 PSYoungGen      total 141824K, used 12253K [0x00000000e0000000, 0x00000000ede00000, 0x0000000100000000)
  eden space 129024K, 0% used [0x00000000e0000000,0x00000000e0000000,0x00000000e7e00000)
  from space 12800K, 95% used [0x00000000e7e00000,0x00000000e89f77f8,0x00000000e8a80000)
  to   space 14336K, 0% used [0x00000000ed000000,0x00000000ed000000,0x00000000ede00000)
 ParOldGen       total 59904K, used 11904K [0x00000000a0000000, 0x00000000a3a80000, 0x00000000e0000000)
  object space 59904K, 19% used [0x00000000a0000000,0x00000000a0ba0338,0x00000000a3a80000)
 Metaspace       used 34551K, capacity 35364K, committed 35456K, reserved 1079296K
  class space    used 4737K, capacity 4957K, committed 4992K, reserved 1048576K
}
Event: 10.398 GC heap before
{Heap before GC invocations=9 (full 1):
 PSYoungGen      total 141824K, used 22034K [0x00000000e0000000, 0x00000000ede00000, 0x0000000100000000)
  eden space 129024K, 7% used [0x00000000e0000000,0x00000000e098d0b0,0x00000000e7e00000)
  from space 12800K, 95% used [0x00000000e7e00000,0x00000000e89f77f8,0x00000000e8a80000)
  to   space 14336K, 0% used [0x00000000ed000000,0x00000000ed000000,0x00000000ede00000)
 ParOldGen       total 59904K, used 11904K [0x00000000a0000000, 0x00000000a3a80000, 0x00000000e0000000)
  object space 59904K, 19% used [0x00000000a0000000,0x00000000a0ba0338,0x00000000a3a80000)
 Metaspace       used 34620K, capacity 35376K, committed 35456K, reserved 1079296K
  class space    used 4747K, capacity 4961K, committed 4992K, reserved 1048576K
Event: 10.429 GC heap after
Heap after GC invocations=9 (full 1):
 PSYoungGen      total 213504K, used 8243K [0x00000000e0000000, 0x00000000f0500000, 0x0000000100000000)
  eden space 199168K, 0% used [0x00000000e0000000,0x00000000e0000000,0x00000000ec280000)
  from space 14336K, 57% used [0x00000000ed000000,0x00000000ed80cdf0,0x00000000ede00000)
  to   space 13824K, 0% used [0x00000000ec280000,0x00000000ec280000,0x00000000ed000000)
 ParOldGen       total 59904K, used 11912K [0x00000000a0000000, 0x00000000a3a80000, 0x00000000e0000000)
  object space 59904K, 19% used [0x00000000a0000000,0x00000000a0ba2338,0x00000000a3a80000)
 Metaspace       used 34620K, capacity 35376K, committed 35456K, reserved 1079296K
  class space    used 4747K, capacity 4961K, committed 4992K, reserved 1048576K
}
Event: 10.429 GC heap before
{Heap before GC invocations=10 (full 2):
 PSYoungGen      total 213504K, used 8243K [0x00000000e0000000, 0x00000000f0500000, 0x0000000100000000)
  eden space 199168K, 0% used [0x00000000e0000000,0x00000000e0000000,0x00000000ec280000)
  from space 14336K, 57% used [0x00000000ed000000,0x00000000ed80cdf0,0x00000000ede00000)
  to   space 13824K, 0% used [0x00000000ec280000,0x00000000ec280000,0x00000000ed000000)
 ParOldGen       total 59904K, used 11912K [0x00000000a0000000, 0x00000000a3a80000, 0x00000000e0000000)
  object space 59904K, 19% used [0x00000000a0000000,0x00000000a0ba2338,0x00000000a3a80000)
 Metaspace       used 34620K, capacity 35376K, committed 35456K, reserved 1079296K
  class space    used 4747K, capacity 4961K, committed 4992K, reserved 1048576K
Event: 10.557 GC heap after
Heap after GC invocations=10 (full 2):
 PSYoungGen      total 213504K, used 0K [0x00000000e0000000, 0x00000000f0500000, 0x0000000100000000)
  eden space 199168K, 0% used [0x00000000e0000000,0x00000000e0000000,0x00000000ec280000)
  from space 14336K, 0% used [0x00000000ed000000,0x00000000ed000000,0x00000000ede00000)
  to   space 13824K, 0% used [0x00000000ec280000,0x00000000ec280000,0x00000000ed000000)
 ParOldGen       total 74752K, used 15224K [0x00000000a0000000, 0x00000000a4900000, 0x00000000e0000000)
  object space 74752K, 20% used [0x00000000a0000000,0x00000000a0ede138,0x00000000a4900000)
 Metaspace       used 34614K, capacity 35352K, committed 35456K, reserved 1079296K
  class space    used 4745K, capacity 4957K, committed 4992K, reserved 1048576K
}

Deoptimization events (10 events):
Event: 11.894 Thread 0x000000001a48e800 Uncommon trap: reason=unstable_if action=reinterpret pc=0x00000000036faabc method=java.lang.CharacterDataLatin1.isWhitespace(I)Z @ 14
Event: 11.975 Thread 0x000000001a48e800 Uncommon trap: reason=unstable_if action=reinterpret pc=0x0000000003b16fc0 method=java.util.jar.JarFile.maybeInstantiateVerifier()V @ 4
Event: 11.978 Thread 0x000000001a48e800 Uncommon trap: reason=unstable_if action=reinterpret pc=0x00000000033f7654 method=java.util.jar.JarFile.maybeInstantiateVerifier()V @ 4
Event: 11.978 Thread 0x000000001a48e800 Uncommon trap: reason=unstable_if action=reinterpret pc=0x0000000003cd6bb0 method=java.security.CodeSource.<init>(Ljava/net/URL;[Ljava/security/CodeSigner;)V @ 25
Event: 11.979 Thread 0x000000001a48e800 Uncommon trap: reason=unstable_if action=reinterpret pc=0x000000000377f52c method=java.security.CodeSource.getCertificates()[Ljava/security/cert/Certificate; @ 22
Event: 11.979 Thread 0x000000001a48e800 Uncommon trap: reason=unstable_if action=reinterpret pc=0x00000000036fa2b0 method=java.util.jar.JarFile.maybeInstantiateVerifier()V @ 4
Event: 11.979 Thread 0x000000001a48e800 Uncommon trap: reason=unstable_if action=reinterpret pc=0x0000000003383008 method=java.util.jar.JarFile.maybeInstantiateVerifier()V @ 4
Event: 11.979 Thread 0x000000001a48e800 Uncommon trap: reason=unstable_if action=reinterpret pc=0x0000000003cc5efc method=java.security.CodeSource.matchCerts(Ljava/security/CodeSource;Z)Z @ 11
Event: 12.020 Thread 0x000000001a48e800 Uncommon trap: reason=unstable_if action=reinterpret pc=0x0000000003749b3c method=java.util.LinkedHashMap.get(Ljava/lang/Object;)Ljava/lang/Object; @ 20
Event: 12.155 Thread 0x000000001a48e800 Uncommon trap: reason=unstable_if action=reinterpret pc=0x0000000003a5cf64 method=org.objectweb.asm.ByteVector.putUTF8(Ljava/lang/String;)Lorg/objectweb/asm/ByteVector; @ 93

Classes redefined (0 events):
No events

Internal exceptions (10 events):
Event: 10.708 Thread 0x000000001a48e800 Exception <a 'java/lang/ClassNotFoundException': org/gradle/api/internal/ConventionTaskCustomizer> (0x00000000e0681698) thrown at [D:\src\AOSP-openjdk-cygwin\jdk8u\hotspot\src\share\vm\classfile\systemDictionary.cpp, line 210]
Event: 10.709 Thread 0x000000001a48e800 Exception <a 'java/lang/ClassNotFoundException': org/gradle/api/tasks/DeleteCustomizer> (0x00000000e06c0960) thrown at [D:\src\AOSP-openjdk-cygwin\jdk8u\hotspot\src\share\vm\classfile\systemDictionary.cpp, line 210]
Event: 10.721 Thread 0x000000001a48e800 Exception <a 'java/lang/ClassNotFoundException': org/gradle/api/tasks/Delete_DecoratedCustomizer> (0x00000000e070d770) thrown at [D:\src\AOSP-openjdk-cygwin\jdk8u\hotspot\src\share\vm\classfile\systemDictionary.cpp, line 210]
Event: 10.809 Thread 0x000000001a48e800 Exception <a 'java/lang/ClassNotFoundException': build_1quqh0rap90vipp6g24aitkj5BeanInfo> (0x00000000e081b400) thrown at [D:\src\AOSP-openjdk-cygwin\jdk8u\hotspot\src\share\vm\classfile\systemDictionary.cpp, line 210]
Event: 10.810 Thread 0x000000001a48e800 Exception <a 'java/lang/ClassNotFoundException': build_1quqh0rap90vipp6g24aitkj5Customizer> (0x00000000e0827df8) thrown at [D:\src\AOSP-openjdk-cygwin\jdk8u\hotspot\src\share\vm\classfile\systemDictionary.cpp, line 210]
Event: 10.813 Thread 0x000000001a48e800 Exception <a 'java/lang/ClassNotFoundException': org/gradle/api/internal/plugins/DefaultObjectConfigurationActionBeanInfo> (0x00000000e089e720) thrown at [D:\src\AOSP-openjdk-cygwin\jdk8u\hotspot\src\share\vm\classfile\systemDictionary.cpp, line 210]
Event: 10.814 Thread 0x000000001a48e800 Exception <a 'java/lang/ClassNotFoundException': org/gradle/api/internal/plugins/DefaultObjectConfigurationActionCustomizer> (0x00000000e08e19a0) thrown at [D:\src\AOSP-openjdk-cygwin\jdk8u\hotspot\src\share\vm\classfile\systemDictionary.cpp, line 210]
Event: 11.112 Thread 0x000000001a48e800 Implicit null exception at 0x0000000003b2098a to 0x0000000003b228d5
Event: 11.113 Thread 0x000000001a48e800 Implicit null exception at 0x0000000003af8655 to 0x0000000003af893d
Event: 11.839 Thread 0x000000001a48e800 Implicit null exception at 0x0000000003c2dbe8 to 0x0000000003c2e115

Events (10 events):
Event: 12.294 loading class com/android/build/gradle/internal/model/CoreCmakeOptions
Event: 12.294 loading class com/android/build/gradle/internal/model/CoreCmakeOptions done
Event: 12.296 loading class com/android/build/gradle/internal/dsl/NdkBuildOptions
Event: 12.296 loading class com/android/build/gradle/internal/dsl/NdkBuildOptions done
Event: 12.296 loading class com/android/build/gradle/internal/dsl/CmakeOptions
Event: 12.296 loading class com/android/build/gradle/internal/dsl/CmakeOptions done
Event: 12.299 loading class org/gradle/model/Managed
Event: 12.299 loading class org/gradle/model/Managed done
Event: 12.299 loading class org/gradle/model/Managed
Event: 12.299 loading class org/gradle/model/Managed done


Dynamic libraries:
0x00007ff761eb0000 - 0x00007ff761ee1000 	C:\Program Files\Android\Android Studio\jre\bin\java.exe
0x00007ffe6bd20000 - 0x00007ffe6bf10000 	C:\Windows\SYSTEM32\ntdll.dll
0x00007ffe6ba20000 - 0x00007ffe6bad2000 	C:\Windows\System32\KERNEL32.DLL
0x00007ffe68dc0000 - 0x00007ffe69063000 	C:\Windows\System32\KERNELBASE.dll
0x00007ffe6b790000 - 0x00007ffe6b833000 	C:\Windows\System32\ADVAPI32.dll
0x00007ffe6b980000 - 0x00007ffe6ba1e000 	C:\Windows\System32\msvcrt.dll
0x00007ffe6aaf0000 - 0x00007ffe6ab87000 	C:\Windows\System32\sechost.dll
0x00007ffe6bbc0000 - 0x00007ffe6bce0000 	C:\Windows\System32\RPCRT4.dll
0x00007ffe6acf0000 - 0x00007ffe6ae84000 	C:\Windows\System32\USER32.dll
0x00007ffe68d10000 - 0x00007ffe68d31000 	C:\Windows\System32\win32u.dll
0x00007ffe6b400000 - 0x00007ffe6b426000 	C:\Windows\System32\GDI32.dll
0x00007ffe69a10000 - 0x00007ffe69ba4000 	C:\Windows\System32\gdi32full.dll
0x00007ffe69c00000 - 0x00007ffe69c9e000 	C:\Windows\System32\msvcp_win.dll
0x00007ffe69cd0000 - 0x00007ffe69dca000 	C:\Windows\System32\ucrtbase.dll
0x00007ffe59510000 - 0x00007ffe59795000 	C:\Windows\WinSxS\amd64_microsoft.windows.common-controls_6595b64144ccf1df_6.0.18362.778_none_e6c6b761130d4fb8\COMCTL32.dll
0x00007ffe6b060000 - 0x00007ffe6b396000 	C:\Windows\System32\combase.dll
0x00007ffe68d40000 - 0x00007ffe68dc0000 	C:\Windows\System32\bcryptPrimitives.dll
0x00007ffe6aa40000 - 0x00007ffe6aa6e000 	C:\Windows\System32\IMM32.DLL
0x0000000070120000 - 0x00000000701f2000 	C:\Program Files\Android\Android Studio\jre\jre\bin\msvcr100.dll
0x00000000702e0000 - 0x0000000070b26000 	C:\Program Files\Android\Android Studio\jre\jre\bin\server\jvm.dll
0x00007ffe6bbb0000 - 0x00007ffe6bbb8000 	C:\Windows\System32\PSAPI.DLL
0x00007ffe65990000 - 0x00007ffe65999000 	C:\Windows\SYSTEM32\WSOCK32.dll
0x00007ffe6ae90000 - 0x00007ffe6aeff000 	C:\Windows\System32\WS2_32.dll
0x00007ffe655e0000 - 0x00007ffe65604000 	C:\Windows\SYSTEM32\WINMM.dll
0x00007ffe620e0000 - 0x00007ffe620ea000 	C:\Windows\SYSTEM32\VERSION.dll
0x00007ffe655b0000 - 0x00007ffe655dd000 	C:\Windows\SYSTEM32\WINMMBASE.dll
0x00007ffe69bb0000 - 0x00007ffe69bfa000 	C:\Windows\System32\cfgmgr32.dll
0x00007ffe644c0000 - 0x00007ffe644cf000 	C:\Program Files\Android\Android Studio\jre\jre\bin\verify.dll
0x00007ffe62720000 - 0x00007ffe62749000 	C:\Program Files\Android\Android Studio\jre\jre\bin\java.dll
0x00007ffe62890000 - 0x00007ffe628a6000 	C:\Program Files\Android\Android Studio\jre\jre\bin\zip.dll
0x00007ffe69dd0000 - 0x00007ffe6a4b5000 	C:\Windows\System32\SHELL32.dll
0x00007ffe6b6e0000 - 0x00007ffe6b789000 	C:\Windows\System32\shcore.dll
0x00007ffe69290000 - 0x00007ffe69a10000 	C:\Windows\System32\windows.storage.dll
0x00007ffe68c30000 - 0x00007ffe68c53000 	C:\Windows\System32\profapi.dll
0x00007ffe68c60000 - 0x00007ffe68caa000 	C:\Windows\System32\powrprof.dll
0x00007ffe68be0000 - 0x00007ffe68bf0000 	C:\Windows\System32\UMPDC.dll
0x00007ffe6a930000 - 0x00007ffe6a982000 	C:\Windows\System32\shlwapi.dll
0x00007ffe68c10000 - 0x00007ffe68c21000 	C:\Windows\System32\kernel.appcore.dll
0x00007ffe69120000 - 0x00007ffe69137000 	C:\Windows\System32\cryptsp.dll
0x00007ffe5bf50000 - 0x00007ffe5bf6a000 	C:\Program Files\Android\Android Studio\jre\jre\bin\net.dll
0x00007ffe5b790000 - 0x00007ffe5b965000 	C:\Windows\SYSTEM32\urlmon.dll
0x00007ffe5b310000 - 0x00007ffe5b5b6000 	C:\Windows\SYSTEM32\iertutil.dll
0x00007ffe68620000 - 0x00007ffe6862c000 	C:\Windows\SYSTEM32\CRYPTBASE.DLL
0x00007ffe68450000 - 0x00007ffe684b7000 	C:\Windows\system32\mswsock.dll
0x00007ffe5b700000 - 0x00007ffe5b713000 	C:\Program Files\Android\Android Studio\jre\jre\bin\nio.dll
0x00007ffe52120000 - 0x00007ffe52146000 	C:\Users\neolg\.gradle\native\30\windows-amd64\native-platform.dll
0x00007ffe644b0000 - 0x00007ffe644bd000 	C:\Program Files\Android\Android Studio\jre\jre\bin\management.dll
0x00007ffe67fc0000 - 0x00007ffe67ff3000 	C:\Windows\system32\rsaenh.dll
0x00007ffe69ca0000 - 0x00007ffe69cc6000 	C:\Windows\System32\bcrypt.dll
0x00007ffe68b00000 - 0x00007ffe68b25000 	C:\Windows\SYSTEM32\USERENV.dll
0x00007ffe68160000 - 0x00007ffe6819a000 	C:\Windows\SYSTEM32\IPHLPAPI.DLL
0x00007ffe6af00000 - 0x00007ffe6af08000 	C:\Windows\System32\NSI.dll
0x00007ffe600a0000 - 0x00007ffe600b6000 	C:\Windows\SYSTEM32\dhcpcsvc6.DLL
0x00007ffe60cc0000 - 0x00007ffe60cdc000 	C:\Windows\SYSTEM32\dhcpcsvc.DLL
0x00007ffe681a0000 - 0x00007ffe6826a000 	C:\Windows\SYSTEM32\DNSAPI.dll

VM Arguments:
jvm_args: -Xmx1536m -Dfile.encoding=x-windows-949 -Duser.country=KR -Duser.language=ko -Duser.variant 
java_command: org.gradle.launcher.daemon.bootstrap.GradleDaemon 5.6.4
java_class_path (initial): C:\Users\neolg\.gradle\wrapper\dists\gradle-5.6.4-all\ankdp27end7byghfw1q2sw75f\gradle-5.6.4\lib\gradle-launcher-5.6.4.jar
Launcher Type: SUN_STANDARD

Environment Variables:
PATH=C:\Program Files\NVIDIA GPU Computing Toolkit\CUDA\v10.2\bin;C:\Program Files\NVIDIA GPU Computing Toolkit\CUDA\v10.2\libnvvp;C:\Windows\system32;C:\Windows;C:\Windows\System32\Wbem;C:\Windows\System32\WindowsPowerShell\v1.0\;C:\Windows\System32\OpenSSH\;C:\Program Files (x86)\NVIDIA Corporation\PhysX\Common;C:\Program Files\NVIDIA Corporation\Nsight Compute 2019.5.0\;C:\Users\neolg\AppData\Local\Programs\Python\Python38-32;C:\Program Files\Git\cmd;C:\Users\neolg\AppData\Local\Microsoft\WindowsApps;C:\Program Files\Bandizip\;C:\Program Files\JetBrains\PyCharm Community Edition 2019.3.3\bin;C:\Users\neolg\AppData\Local\GitHubDesktop\bin
USERNAME=neolgu
OS=Windows_NT
PROCESSOR_IDENTIFIER=Intel64 Family 6 Model 94 Stepping 3, GenuineIntel



---------------  S Y S T E M  ---------------

OS: Windows 10.0 , 64 bit Build 18362 (10.0.18362.778)

CPU:total 4 (initial active 4) (4 cores per cpu, 1 threads per core) family 6 model 94 stepping 3, cmov, cx8, fxsr, mmx, sse, sse2, sse3, ssse3, sse4.1, sse4.2, popcnt, avx, avx2, aes, clmul, erms, rtm, 3dnowpref, lzcnt, tsc, tscinvbit, bmi1, bmi2, adx

Memory: 4k page, physical 8272036k(1089356k free), swap 8272036k(5216k free)

vm_info: OpenJDK 64-Bit Server VM (25.212-b04) for windows-amd64 JRE (1.8.0_212-release-1586-b04), built by "builder" with MS VC++ 10.0 (VS2010)

time: Mon May 18 15:30:27 2020
timezone: 대한민국 표준시
elapsed time: 12 seconds (0d 0h 0m 12s)

